<?xml version="1.0" encoding="UTF-8"?>
<testsuite xmlns:xsi="http://www.w3.org/2001/XMLSchema-instance" xsi:noNamespaceSchemaLocation="https://maven.apache.org/surefire/maven-surefire-plugin/xsd/surefire-test-report-3.0.xsd" version="3.0" name="TestSuite" time="9.295" tests="2" errors="0" skipped="0" failures="0">
  <properties>
    <property name="awt.toolkit" value="sun.awt.X11.XToolkit"/>
    <property name="surefire.suiteXmlFiles" value="src/test/java/TestSuites/LoginFormElementsTest.xml"/>
    <property name="file.encoding.pkg" value="sun.io"/>
    <property name="java.specification.version" value="1.8"/>
    <property name="sun.cpu.isalist" value=""/>
    <property name="sun.jnu.encoding" value="UTF-8"/>
    <property name="java.class.path" value="/home/kondratievas/AgefiMWFfinish/target/test-classes:/home/kondratievas/AgefiMWFfinish/target/classes:/home/kondratievas/.m2/repository/org/hamcrest/hamcrest-all/1.3/hamcrest-all-1.3.jar:/home/kondratievas/.m2/repository/io/rest-assured/rest-assured/3.3.0/rest-assured-3.3.0.jar:/home/kondratievas/.m2/repository/org/codehaus/groovy/groovy/2.4.15/groovy-2.4.15.jar:/home/kondratievas/.m2/repository/org/codehaus/groovy/groovy-xml/2.4.15/groovy-xml-2.4.15.jar:/home/kondratievas/.m2/repository/org/apache/httpcomponents/httpclient/4.5.3/httpclient-4.5.3.jar:/home/kondratievas/.m2/repository/org/apache/httpcomponents/httpcore/4.4.6/httpcore-4.4.6.jar:/home/kondratievas/.m2/repository/commons-logging/commons-logging/1.2/commons-logging-1.2.jar:/home/kondratievas/.m2/repository/commons-codec/commons-codec/1.9/commons-codec-1.9.jar:/home/kondratievas/.m2/repository/org/apache/httpcomponents/httpmime/4.5.3/httpmime-4.5.3.jar:/home/kondratievas/.m2/repository/org/hamcrest/hamcrest-core/1.3/hamcrest-core-1.3.jar:/home/kondratievas/.m2/repository/org/hamcrest/hamcrest-library/1.3/hamcrest-library-1.3.jar:/home/kondratievas/.m2/repository/org/ccil/cowan/tagsoup/tagsoup/1.2.1/tagsoup-1.2.1.jar:/home/kondratievas/.m2/repository/io/rest-assured/json-path/3.3.0/json-path-3.3.0.jar:/home/kondratievas/.m2/repository/org/codehaus/groovy/groovy-json/2.4.15/groovy-json-2.4.15.jar:/home/kondratievas/.m2/repository/io/rest-assured/rest-assured-common/3.3.0/rest-assured-common-3.3.0.jar:/home/kondratievas/.m2/repository/io/rest-assured/xml-path/3.3.0/xml-path-3.3.0.jar:/home/kondratievas/.m2/repository/org/apache/commons/commons-lang3/3.4/commons-lang3-3.4.jar:/home/kondratievas/.m2/repository/javax/xml/bind/jaxb-api/2.2.12/jaxb-api-2.2.12.jar:/home/kondratievas/.m2/repository/com/sun/xml/bind/jaxb-osgi/2.2.10/jaxb-osgi-2.2.10.jar:/home/kondratievas/.m2/repository/org/apache/sling/org.apache.sling.javax.activation/0.1.0/org.apache.sling.javax.activation-0.1.0.jar:/home/kondratievas/.m2/repository/javax/activation/activation/1.1.1/activation-1.1.1.jar:/home/kondratievas/.m2/repository/org/slf4j/slf4j-simple/1.7.21/slf4j-simple-1.7.21.jar:/home/kondratievas/.m2/repository/org/slf4j/slf4j-api/1.7.21/slf4j-api-1.7.21.jar:/home/kondratievas/.m2/repository/com/codeborne/selenide/5.1.0/selenide-5.1.0.jar:/home/kondratievas/.m2/repository/org/seleniumhq/selenium/selenium-java/3.141.59/selenium-java-3.141.59.jar:/home/kondratievas/.m2/repository/org/seleniumhq/selenium/selenium-api/3.141.59/selenium-api-3.141.59.jar:/home/kondratievas/.m2/repository/org/seleniumhq/selenium/selenium-chrome-driver/3.141.59/selenium-chrome-driver-3.141.59.jar:/home/kondratievas/.m2/repository/org/seleniumhq/selenium/selenium-edge-driver/3.141.59/selenium-edge-driver-3.141.59.jar:/home/kondratievas/.m2/repository/org/seleniumhq/selenium/selenium-firefox-driver/3.141.59/selenium-firefox-driver-3.141.59.jar:/home/kondratievas/.m2/repository/org/seleniumhq/selenium/selenium-ie-driver/3.141.59/selenium-ie-driver-3.141.59.jar:/home/kondratievas/.m2/repository/org/seleniumhq/selenium/selenium-opera-driver/3.141.59/selenium-opera-driver-3.141.59.jar:/home/kondratievas/.m2/repository/org/seleniumhq/selenium/selenium-remote-driver/3.141.59/selenium-remote-driver-3.141.59.jar:/home/kondratievas/.m2/repository/org/seleniumhq/selenium/selenium-safari-driver/3.141.59/selenium-safari-driver-3.141.59.jar:/home/kondratievas/.m2/repository/org/seleniumhq/selenium/selenium-support/3.141.59/selenium-support-3.141.59.jar:/home/kondratievas/.m2/repository/net/bytebuddy/byte-buddy/1.8.15/byte-buddy-1.8.15.jar:/home/kondratievas/.m2/repository/org/apache/commons/commons-exec/1.3/commons-exec-1.3.jar:/home/kondratievas/.m2/repository/com/google/guava/guava/25.0-jre/guava-25.0-jre.jar:/home/kondratievas/.m2/repository/com/google/code/findbugs/jsr305/1.3.9/jsr305-1.3.9.jar:/home/kondratievas/.m2/repository/org/checkerframework/checker-compat-qual/2.0.0/checker-compat-qual-2.0.0.jar:/home/kondratievas/.m2/repository/com/google/errorprone/error_prone_annotations/2.1.3/error_prone_annotations-2.1.3.jar:/home/kondratievas/.m2/repository/com/google/j2objc/j2objc-annotations/1.1/j2objc-annotations-1.1.jar:/home/kondratievas/.m2/repository/org/codehaus/mojo/animal-sniffer-annotations/1.14/animal-sniffer-annotations-1.14.jar:/home/kondratievas/.m2/repository/com/squareup/okhttp3/okhttp/3.11.0/okhttp-3.11.0.jar:/home/kondratievas/.m2/repository/com/squareup/okio/okio/1.14.0/okio-1.14.0.jar:/home/kondratievas/.m2/repository/io/github/bonigarcia/webdrivermanager/3.1.1/webdrivermanager-3.1.1.jar:/home/kondratievas/.m2/repository/com/google/code/gson/gson/2.8.5/gson-2.8.5.jar:/home/kondratievas/.m2/repository/org/rauschig/jarchivelib/0.8.0/jarchivelib-0.8.0.jar:/home/kondratievas/.m2/repository/org/apache/commons/commons-compress/1.14/commons-compress-1.14.jar:/home/kondratievas/.m2/repository/org/jsoup/jsoup/1.11.3/jsoup-1.11.3.jar:/home/kondratievas/.m2/repository/net/lightbody/bmp/browsermob-core/2.1.5/browsermob-core-2.1.5.jar:/home/kondratievas/.m2/repository/net/lightbody/bmp/littleproxy/1.1.0-beta-bmp-17/littleproxy-1.1.0-beta-bmp-17.jar:/home/kondratievas/.m2/repository/com/fasterxml/jackson/core/jackson-core/2.8.9/jackson-core-2.8.9.jar:/home/kondratievas/.m2/repository/com/fasterxml/jackson/core/jackson-databind/2.8.9/jackson-databind-2.8.9.jar:/home/kondratievas/.m2/repository/com/fasterxml/jackson/core/jackson-annotations/2.8.9/jackson-annotations-2.8.9.jar:/home/kondratievas/.m2/repository/dnsjava/dnsjava/2.1.8/dnsjava-2.1.8.jar:/home/kondratievas/.m2/repository/org/slf4j/jcl-over-slf4j/1.7.25/jcl-over-slf4j-1.7.25.jar:/home/kondratievas/.m2/repository/com/jcraft/jzlib/1.1.3/jzlib-1.1.3.jar:/home/kondratievas/.m2/repository/io/netty/netty-all/4.0.51.Final/netty-all-4.0.51.Final.jar:/home/kondratievas/.m2/repository/org/bouncycastle/bcprov-jdk15on/1.58/bcprov-jdk15on-1.58.jar:/home/kondratievas/.m2/repository/org/bouncycastle/bcpkix-jdk15on/1.58/bcpkix-jdk15on-1.58.jar:/home/kondratievas/.m2/repository/net/lightbody/bmp/mitm/2.1.5/mitm-2.1.5.jar:/home/kondratievas/.m2/repository/org/testng/testng/6.14.3/testng-6.14.3.jar:/home/kondratievas/.m2/repository/com/beust/jcommander/1.72/jcommander-1.72.jar:/home/kondratievas/.m2/repository/org/apache-extras/beanshell/bsh/2.0b6/bsh-2.0b6.jar:/home/kondratievas/.m2/repository/commons-collections/commons-collections/3.2/commons-collections-3.2.jar:/home/kondratievas/.m2/repository/commons-io/commons-io/2.6/commons-io-2.6.jar:/home/kondratievas/.m2/repository/org/projectlombok/lombok/1.18.6/lombok-1.18.6.jar:/home/kondratievas/.m2/repository/io/qameta/allure/allure-testng/2.10.0/allure-testng-2.10.0.jar:/home/kondratievas/.m2/repository/io/qameta/allure/allure-java-commons/2.10.0/allure-java-commons-2.10.0.jar:/home/kondratievas/.m2/repository/io/qameta/allure/allure-model/2.10.0/allure-model-2.10.0.jar:/home/kondratievas/.m2/repository/org/apache/tika/tika-core/1.20/tika-core-1.20.jar:/home/kondratievas/.m2/repository/org/jooq/joor-java-8/0.9.10/joor-java-8-0.9.10.jar:/home/kondratievas/.m2/repository/org/apache/metamodel/MetaModel-full/5.2.0/MetaModel-full-5.2.0.jar:/home/kondratievas/.m2/repository/org/apache/metamodel/MetaModel-cassandra/5.2.0/MetaModel-cassandra-5.2.0.jar:/home/kondratievas/.m2/repository/com/datastax/cassandra/cassandra-driver-core/3.6.0/cassandra-driver-core-3.6.0.jar:/home/kondratievas/.m2/repository/io/dropwizard/metrics/metrics-core/3.2.2/metrics-core-3.2.2.jar:/home/kondratievas/.m2/repository/com/github/jnr/jnr-ffi/2.1.7/jnr-ffi-2.1.7.jar:/home/kondratievas/.m2/repository/com/github/jnr/jffi/1.2.16/jffi-1.2.16.jar:/home/kondratievas/.m2/repository/com/github/jnr/jffi/1.2.16/jffi-1.2.16-native.jar:/home/kondratievas/.m2/repository/org/ow2/asm/asm/5.0.3/asm-5.0.3.jar:/home/kondratievas/.m2/repository/org/ow2/asm/asm-commons/5.0.3/asm-commons-5.0.3.jar:/home/kondratievas/.m2/repository/org/ow2/asm/asm-analysis/5.0.3/asm-analysis-5.0.3.jar:/home/kondratievas/.m2/repository/org/ow2/asm/asm-tree/5.0.3/asm-tree-5.0.3.jar:/home/kondratievas/.m2/repository/org/ow2/asm/asm-util/5.0.3/asm-util-5.0.3.jar:/home/kondratievas/.m2/repository/com/github/jnr/jnr-x86asm/1.0.2/jnr-x86asm-1.0.2.jar:/home/kondratievas/.m2/repository/com/github/jnr/jnr-posix/3.0.44/jnr-posix-3.0.44.jar:/home/kondratievas/.m2/repository/com/github/jnr/jnr-constants/0.9.9/jnr-constants-0.9.9.jar:/home/kondratievas/.m2/repository/org/apache/metamodel/MetaModel-core/5.2.0/MetaModel-core-5.2.0.jar:/home/kondratievas/.m2/repository/org/apache/metamodel/MetaModel-couchdb/5.2.0/MetaModel-couchdb-5.2.0.jar:/home/kondratievas/.m2/repository/org/ektorp/org.ektorp/1.5.0/org.ektorp-1.5.0.jar:/home/kondratievas/.m2/repository/org/apache/httpcomponents/httpclient-cache/4.3/httpclient-cache-4.3.jar:/home/kondratievas/.m2/repository/net/sourceforge/findbugs/annotations/1.3.2/annotations-1.3.2.jar:/home/kondratievas/.m2/repository/commons-pool/commons-pool/1.6/commons-pool-1.6.jar:/home/kondratievas/.m2/repository/org/apache/metamodel/MetaModel-csv/5.2.0/MetaModel-csv-5.2.0.jar:/home/kondratievas/.m2/repository/com/opencsv/opencsv/3.9/opencsv-3.9.jar:/home/kondratievas/.m2/repository/commons-beanutils/commons-beanutils/1.9.3/commons-beanutils-1.9.3.jar:/home/kondratievas/.m2/repository/org/apache/metamodel/MetaModel-excel/5.2.0/MetaModel-excel-5.2.0.jar:/home/kondratievas/.m2/repository/org/apache/poi/poi-ooxml/4.0.0/poi-ooxml-4.0.0.jar:/home/kondratievas/.m2/repository/org/apache/poi/poi/4.0.0/poi-4.0.0.jar:/home/kondratievas/.m2/repository/org/apache/commons/commons-collections4/4.2/commons-collections4-4.2.jar:/home/kondratievas/.m2/repository/org/apache/poi/poi-ooxml-schemas/4.0.0/poi-ooxml-schemas-4.0.0.jar:/home/kondratievas/.m2/repository/org/apache/xmlbeans/xmlbeans/3.0.1/xmlbeans-3.0.1.jar:/home/kondratievas/.m2/repository/com/github/virtuald/curvesapi/1.04/curvesapi-1.04.jar:/home/kondratievas/.m2/repository/xml-apis/xml-apis/1.3.04/xml-apis-1.3.04.jar:/home/kondratievas/.m2/repository/org/apache/metamodel/MetaModel-neo4j/5.2.0/MetaModel-neo4j-5.2.0.jar:/home/kondratievas/.m2/repository/com/fasterxml/jackson/datatype/jackson-datatype-json-org/2.6.7/jackson-datatype-json-org-2.6.7.jar:/home/kondratievas/.m2/repository/org/apache/geronimo/bundles/json/20090211_1/json-20090211_1.jar:/home/kondratievas/.m2/repository/org/apache/metamodel/MetaModel-fixedwidth/5.2.0/MetaModel-fixedwidth-5.2.0.jar:/home/kondratievas/.m2/repository/org/apache/metamodel/MetaModel-hadoop/5.2.0/MetaModel-hadoop-5.2.0.jar:/home/kondratievas/.m2/repository/org/apache/hadoop/hadoop-client/3.1.1/hadoop-client-3.1.1.jar:/home/kondratievas/.m2/repository/org/apache/hadoop/hadoop-common/3.1.1/hadoop-common-3.1.1.jar:/home/kondratievas/.m2/repository/commons-cli/commons-cli/1.2/commons-cli-1.2.jar:/home/kondratievas/.m2/repository/org/apache/commons/commons-math3/3.1.1/commons-math3-3.1.1.jar:/home/kondratievas/.m2/repository/commons-net/commons-net/3.6/commons-net-3.6.jar:/home/kondratievas/.m2/repository/org/eclipse/jetty/jetty-servlet/9.3.19.v20170502/jetty-servlet-9.3.19.v20170502.jar:/home/kondratievas/.m2/repository/org/eclipse/jetty/jetty-security/9.3.19.v20170502/jetty-security-9.3.19.v20170502.jar:/home/kondratievas/.m2/repository/org/eclipse/jetty/jetty-webapp/9.3.19.v20170502/jetty-webapp-9.3.19.v20170502.jar:/home/kondratievas/.m2/repository/org/eclipse/jetty/jetty-xml/9.3.19.v20170502/jetty-xml-9.3.19.v20170502.jar:/home/kondratievas/.m2/repository/javax/servlet/jsp/jsp-api/2.1/jsp-api-2.1.jar:/home/kondratievas/.m2/repository/com/sun/jersey/jersey-servlet/1.19/jersey-servlet-1.19.jar:/home/kondratievas/.m2/repository/log4j/log4j/1.2.17/log4j-1.2.17.jar:/home/kondratievas/.m2/repository/commons-lang/commons-lang/2.6/commons-lang-2.6.jar:/home/kondratievas/.m2/repository/org/apache/commons/commons-configuration2/2.1.1/commons-configuration2-2.1.1.jar:/home/kondratievas/.m2/repository/org/apache/avro/avro/1.7.7/avro-1.7.7.jar:/home/kondratievas/.m2/repository/com/thoughtworks/paranamer/paranamer/2.3/paranamer-2.3.jar:/home/kondratievas/.m2/repository/org/xerial/snappy/snappy-java/1.0.5/snappy-java-1.0.5.jar:/home/kondratievas/.m2/repository/com/google/re2j/re2j/1.1/re2j-1.1.jar:/home/kondratievas/.m2/repository/org/apache/curator/curator-client/2.12.0/curator-client-2.12.0.jar:/home/kondratievas/.m2/repository/org/apache/curator/curator-recipes/2.12.0/curator-recipes-2.12.0.jar:/home/kondratievas/.m2/repository/org/apache/kerby/kerb-simplekdc/1.0.1/kerb-simplekdc-1.0.1.jar:/home/kondratievas/.m2/repository/org/apache/kerby/kerb-client/1.0.1/kerb-client-1.0.1.jar:/home/kondratievas/.m2/repository/org/apache/kerby/kerby-config/1.0.1/kerby-config-1.0.1.jar:/home/kondratievas/.m2/repository/org/apache/kerby/kerb-core/1.0.1/kerb-core-1.0.1.jar:/home/kondratievas/.m2/repository/org/apache/kerby/kerby-pkix/1.0.1/kerby-pkix-1.0.1.jar:/home/kondratievas/.m2/repository/org/apache/kerby/kerby-asn1/1.0.1/kerby-asn1-1.0.1.jar:/home/kondratievas/.m2/repository/org/apache/kerby/kerby-util/1.0.1/kerby-util-1.0.1.jar:/home/kondratievas/.m2/repository/org/apache/kerby/kerb-common/1.0.1/kerb-common-1.0.1.jar:/home/kondratievas/.m2/repository/org/apache/kerby/kerb-crypto/1.0.1/kerb-crypto-1.0.1.jar:/home/kondratievas/.m2/repository/org/apache/kerby/kerb-util/1.0.1/kerb-util-1.0.1.jar:/home/kondratievas/.m2/repository/org/apache/kerby/token-provider/1.0.1/token-provider-1.0.1.jar:/home/kondratievas/.m2/repository/com/nimbusds/nimbus-jose-jwt/3.10/nimbus-jose-jwt-3.10.jar:/home/kondratievas/.m2/repository/net/minidev/json-smart/1.3.1/json-smart-1.3.1.jar:/home/kondratievas/.m2/repository/org/apache/kerby/kerb-admin/1.0.1/kerb-admin-1.0.1.jar:/home/kondratievas/.m2/repository/org/apache/kerby/kerb-server/1.0.1/kerb-server-1.0.1.jar:/home/kondratievas/.m2/repository/org/apache/kerby/kerb-identity/1.0.1/kerb-identity-1.0.1.jar:/home/kondratievas/.m2/repository/org/apache/kerby/kerby-xdr/1.0.1/kerby-xdr-1.0.1.jar:/home/kondratievas/.m2/repository/org/codehaus/woodstox/stax2-api/3.1.4/stax2-api-3.1.4.jar:/home/kondratievas/.m2/repository/com/fasterxml/woodstox/woodstox-core/5.0.3/woodstox-core-5.0.3.jar:/home/kondratievas/.m2/repository/org/apache/hadoop/hadoop-hdfs-client/3.1.1/hadoop-hdfs-client-3.1.1.jar:/home/kondratievas/.m2/repository/com/squareup/okhttp/okhttp/2.7.5/okhttp-2.7.5.jar:/home/kondratievas/.m2/repository/org/apache/hadoop/hadoop-yarn-api/3.1.1/hadoop-yarn-api-3.1.1.jar:/home/kondratievas/.m2/repository/org/apache/hadoop/hadoop-yarn-client/3.1.1/hadoop-yarn-client-3.1.1.jar:/home/kondratievas/.m2/repository/org/apache/hadoop/hadoop-mapreduce-client-core/3.1.1/hadoop-mapreduce-client-core-3.1.1.jar:/home/kondratievas/.m2/repository/org/apache/hadoop/hadoop-yarn-common/3.1.1/hadoop-yarn-common-3.1.1.jar:/home/kondratievas/.m2/repository/javax/servlet/javax.servlet-api/3.1.0/javax.servlet-api-3.1.0.jar:/home/kondratievas/.m2/repository/org/eclipse/jetty/jetty-util/9.3.19.v20170502/jetty-util-9.3.19.v20170502.jar:/home/kondratievas/.m2/repository/com/sun/jersey/jersey-core/1.19/jersey-core-1.19.jar:/home/kondratievas/.m2/repository/javax/ws/rs/jsr311-api/1.1.1/jsr311-api-1.1.1.jar:/home/kondratievas/.m2/repository/com/sun/jersey/jersey-client/1.19/jersey-client-1.19.jar:/home/kondratievas/.m2/repository/com/fasterxml/jackson/module/jackson-module-jaxb-annotations/2.7.8/jackson-module-jaxb-annotations-2.7.8.jar:/home/kondratievas/.m2/repository/com/fasterxml/jackson/jaxrs/jackson-jaxrs-json-provider/2.7.8/jackson-jaxrs-json-provider-2.7.8.jar:/home/kondratievas/.m2/repository/com/fasterxml/jackson/jaxrs/jackson-jaxrs-base/2.7.8/jackson-jaxrs-base-2.7.8.jar:/home/kondratievas/.m2/repository/org/apache/hadoop/hadoop-mapreduce-client-jobclient/3.1.1/hadoop-mapreduce-client-jobclient-3.1.1.jar:/home/kondratievas/.m2/repository/org/apache/hadoop/hadoop-mapreduce-client-common/3.1.1/hadoop-mapreduce-client-common-3.1.1.jar:/home/kondratievas/.m2/repository/org/apache/hadoop/hadoop-annotations/3.1.1/hadoop-annotations-3.1.1.jar:/home/kondratievas/.m2/repository/org/apache/metamodel/MetaModel-hbase/5.2.0/MetaModel-hbase-5.2.0.jar:/home/kondratievas/.m2/repository/org/apache/hbase/hbase-client/2.1.1/hbase-client-2.1.1.jar:/home/kondratievas/.m2/repository/org/apache/hbase/thirdparty/hbase-shaded-protobuf/2.1.0/hbase-shaded-protobuf-2.1.0.jar:/home/kondratievas/.m2/repository/org/apache/hbase/hbase-common/2.1.1/hbase-common-2.1.1.jar:/home/kondratievas/.m2/repository/org/apache/hbase/hbase-hadoop-compat/2.1.1/hbase-hadoop-compat-2.1.1.jar:/home/kondratievas/.m2/repository/org/apache/hbase/hbase-metrics-api/2.1.1/hbase-metrics-api-2.1.1.jar:/home/kondratievas/.m2/repository/org/apache/hbase/hbase-hadoop2-compat/2.1.1/hbase-hadoop2-compat-2.1.1.jar:/home/kondratievas/.m2/repository/org/apache/hbase/hbase-metrics/2.1.1/hbase-metrics-2.1.1.jar:/home/kondratievas/.m2/repository/org/apache/hbase/hbase-protocol-shaded/2.1.1/hbase-protocol-shaded-2.1.1.jar:/home/kondratievas/.m2/repository/org/apache/hbase/hbase-protocol/2.1.1/hbase-protocol-2.1.1.jar:/home/kondratievas/.m2/repository/junit/junit/4.12/junit-4.12.jar:/home/kondratievas/.m2/repository/org/apache/hbase/thirdparty/hbase-shaded-miscellaneous/2.1.0/hbase-shaded-miscellaneous-2.1.0.jar:/home/kondratievas/.m2/repository/com/google/protobuf/protobuf-java/2.5.0/protobuf-java-2.5.0.jar:/home/kondratievas/.m2/repository/org/apache/hbase/thirdparty/hbase-shaded-netty/2.1.0/hbase-shaded-netty-2.1.0.jar:/home/kondratievas/.m2/repository/org/apache/zookeeper/zookeeper/3.4.10/zookeeper-3.4.10.jar:/home/kondratievas/.m2/repository/org/apache/htrace/htrace-core4/4.2.0-incubating/htrace-core4-4.2.0-incubating.jar:/home/kondratievas/.m2/repository/org/jruby/jcodings/jcodings/1.0.18/jcodings-1.0.18.jar:/home/kondratievas/.m2/repository/org/jruby/joni/joni/2.1.11/joni-2.1.11.jar:/home/kondratievas/.m2/repository/org/apache/commons/commons-crypto/1.0.0/commons-crypto-1.0.0.jar:/home/kondratievas/.m2/repository/org/apache/hadoop/hadoop-auth/2.7.7/hadoop-auth-2.7.7.jar:/home/kondratievas/.m2/repository/org/apache/directory/server/apacheds-kerberos-codec/2.0.0-M15/apacheds-kerberos-codec-2.0.0-M15.jar:/home/kondratievas/.m2/repository/org/apache/directory/server/apacheds-i18n/2.0.0-M15/apacheds-i18n-2.0.0-M15.jar:/home/kondratievas/.m2/repository/org/apache/directory/api/api-asn1-api/1.0.0-M20/api-asn1-api-1.0.0-M20.jar:/home/kondratievas/.m2/repository/org/apache/directory/api/api-util/1.0.0-M20/api-util-1.0.0-M20.jar:/home/kondratievas/.m2/repository/org/apache/curator/curator-framework/2.7.1/curator-framework-2.7.1.jar:/home/kondratievas/.m2/repository/org/apache/yetus/audience-annotations/0.5.0/audience-annotations-0.5.0.jar:/home/kondratievas/.m2/repository/org/apache/metamodel/MetaModel-jdbc/5.2.0/MetaModel-jdbc-5.2.0.jar:/home/kondratievas/.m2/repository/org/apache/metamodel/MetaModel-json/5.2.0/MetaModel-json-5.2.0.jar:/home/kondratievas/.m2/repository/org/apache/metamodel/MetaModel-mongodb-mongo3/5.2.0/MetaModel-mongodb-mongo3-5.2.0.jar:/home/kondratievas/.m2/repository/org/apache/metamodel/MetaModel-mongodb-common/5.2.0/MetaModel-mongodb-common-5.2.0.jar:/home/kondratievas/.m2/repository/org/mongodb/mongo-java-driver/3.1.0/mongo-java-driver-3.1.0.jar:/home/kondratievas/.m2/repository/org/apache/metamodel/MetaModel-mongodb-mongo2/5.2.0/MetaModel-mongodb-mongo2-5.2.0.jar:/home/kondratievas/.m2/repository/org/apache/metamodel/MetaModel-openoffice/5.2.0/MetaModel-openoffice-5.2.0.jar:/home/kondratievas/.m2/repository/hsqldb/hsqldb/1.8.0.10/hsqldb-1.8.0.10.jar:/home/kondratievas/.m2/repository/org/apache/metamodel/MetaModel-pojo/5.2.0/MetaModel-pojo-5.2.0.jar:/home/kondratievas/.m2/repository/org/apache/metamodel/MetaModel-salesforce/5.2.0/MetaModel-salesforce-5.2.0.jar:/home/kondratievas/.m2/repository/com/force/api/force-partner-api/35.0.1/force-partner-api-35.0.1.jar:/home/kondratievas/.m2/repository/com/force/api/force-wsc/35.0.0/force-wsc-35.0.0.jar:/home/kondratievas/.m2/repository/org/antlr/ST4/4.0.7/ST4-4.0.7.jar:/home/kondratievas/.m2/repository/org/antlr/antlr-runtime/3.5/antlr-runtime-3.5.jar:/home/kondratievas/.m2/repository/org/antlr/stringtemplate/3.2.1/stringtemplate-3.2.1.jar:/home/kondratievas/.m2/repository/antlr/antlr/2.7.7/antlr-2.7.7.jar:/home/kondratievas/.m2/repository/org/apache/metamodel/MetaModel-sugarcrm/5.2.0/MetaModel-sugarcrm-5.2.0.jar:/home/kondratievas/.m2/repository/javax/xml/ws/jaxws-api/2.2.10/jaxws-api-2.2.10.jar:/home/kondratievas/.m2/repository/javax/xml/soap/javax.xml.soap-api/1.3.5/javax.xml.soap-api-1.3.5.jar:/home/kondratievas/.m2/repository/javax/annotation/javax.annotation-api/1.2-b03/javax.annotation-api-1.2-b03.jar:/home/kondratievas/.m2/repository/javax/jws/jsr181-api/1.0-MR1/jsr181-api-1.0-MR1.jar:/home/kondratievas/.m2/repository/org/apache/metamodel/MetaModel-xml/5.2.0/MetaModel-xml-5.2.0.jar:/home/kondratievas/.m2/repository/org/apache/metamodel/MetaModel-elasticsearch-rest/5.2.0/MetaModel-elasticsearch-rest-5.2.0.jar:/home/kondratievas/.m2/repository/org/apache/metamodel/MetaModel-elasticsearch-common/5.2.0/MetaModel-elasticsearch-common-5.2.0.jar:/home/kondratievas/.m2/repository/org/elasticsearch/client/elasticsearch-rest-high-level-client/5.6.3/elasticsearch-rest-high-level-client-5.6.3.jar:/home/kondratievas/.m2/repository/org/elasticsearch/client/elasticsearch-rest-client/5.6.3/elasticsearch-rest-client-5.6.3.jar:/home/kondratievas/.m2/repository/org/apache/httpcomponents/httpasyncclient/4.1.2/httpasyncclient-4.1.2.jar:/home/kondratievas/.m2/repository/org/apache/httpcomponents/httpcore-nio/4.4.5/httpcore-nio-4.4.5.jar:/home/kondratievas/.m2/repository/org/elasticsearch/plugin/parent-join-client/5.6.3/parent-join-client-5.6.3.jar:/home/kondratievas/.m2/repository/org/elasticsearch/plugin/aggs-matrix-stats-client/5.6.3/aggs-matrix-stats-client-5.6.3.jar:/home/kondratievas/.m2/repository/org/apache/metamodel/MetaModel-elasticsearch-native/5.2.0/MetaModel-elasticsearch-native-5.2.0.jar:/home/kondratievas/.m2/repository/org/elasticsearch/elasticsearch/5.6.3/elasticsearch-5.6.3.jar:/home/kondratievas/.m2/repository/org/apache/lucene/lucene-core/6.6.1/lucene-core-6.6.1.jar:/home/kondratievas/.m2/repository/org/apache/lucene/lucene-analyzers-common/6.6.1/lucene-analyzers-common-6.6.1.jar:/home/kondratievas/.m2/repository/org/apache/lucene/lucene-backward-codecs/6.6.1/lucene-backward-codecs-6.6.1.jar:/home/kondratievas/.m2/repository/org/apache/lucene/lucene-grouping/6.6.1/lucene-grouping-6.6.1.jar:/home/kondratievas/.m2/repository/org/apache/lucene/lucene-highlighter/6.6.1/lucene-highlighter-6.6.1.jar:/home/kondratievas/.m2/repository/org/apache/lucene/lucene-join/6.6.1/lucene-join-6.6.1.jar:/home/kondratievas/.m2/repository/org/apache/lucene/lucene-memory/6.6.1/lucene-memory-6.6.1.jar:/home/kondratievas/.m2/repository/org/apache/lucene/lucene-misc/6.6.1/lucene-misc-6.6.1.jar:/home/kondratievas/.m2/repository/org/apache/lucene/lucene-queries/6.6.1/lucene-queries-6.6.1.jar:/home/kondratievas/.m2/repository/org/apache/lucene/lucene-queryparser/6.6.1/lucene-queryparser-6.6.1.jar:/home/kondratievas/.m2/repository/org/apache/lucene/lucene-sandbox/6.6.1/lucene-sandbox-6.6.1.jar:/home/kondratievas/.m2/repository/org/apache/lucene/lucene-spatial/6.6.1/lucene-spatial-6.6.1.jar:/home/kondratievas/.m2/repository/org/apache/lucene/lucene-spatial-extras/6.6.1/lucene-spatial-extras-6.6.1.jar:/home/kondratievas/.m2/repository/org/apache/lucene/lucene-spatial3d/6.6.1/lucene-spatial3d-6.6.1.jar:/home/kondratievas/.m2/repository/org/apache/lucene/lucene-suggest/6.6.1/lucene-suggest-6.6.1.jar:/home/kondratievas/.m2/repository/org/elasticsearch/securesm/1.1/securesm-1.1.jar:/home/kondratievas/.m2/repository/net/sf/jopt-simple/jopt-simple/5.0.2/jopt-simple-5.0.2.jar:/home/kondratievas/.m2/repository/com/carrotsearch/hppc/0.7.1/hppc-0.7.1.jar:/home/kondratievas/.m2/repository/joda-time/joda-time/2.9.5/joda-time-2.9.5.jar:/home/kondratievas/.m2/repository/org/yaml/snakeyaml/1.15/snakeyaml-1.15.jar:/home/kondratievas/.m2/repository/com/fasterxml/jackson/dataformat/jackson-dataformat-smile/2.8.6/jackson-dataformat-smile-2.8.6.jar:/home/kondratievas/.m2/repository/com/fasterxml/jackson/dataformat/jackson-dataformat-yaml/2.8.6/jackson-dataformat-yaml-2.8.6.jar:/home/kondratievas/.m2/repository/com/fasterxml/jackson/dataformat/jackson-dataformat-cbor/2.8.6/jackson-dataformat-cbor-2.8.6.jar:/home/kondratievas/.m2/repository/com/tdunning/t-digest/3.0/t-digest-3.0.jar:/home/kondratievas/.m2/repository/org/hdrhistogram/HdrHistogram/2.1.9/HdrHistogram-2.1.9.jar:/home/kondratievas/.m2/repository/org/apache/logging/log4j/log4j-api/2.9.1/log4j-api-2.9.1.jar:/home/kondratievas/.m2/repository/org/elasticsearch/jna/4.4.0-1/jna-4.4.0-1.jar:/home/kondratievas/.m2/repository/org/elasticsearch/client/transport/5.6.3/transport-5.6.3.jar:/home/kondratievas/.m2/repository/org/elasticsearch/plugin/transport-netty3-client/5.6.3/transport-netty3-client-5.6.3.jar:/home/kondratievas/.m2/repository/io/netty/netty/3.10.6.Final/netty-3.10.6.Final.jar:/home/kondratievas/.m2/repository/org/elasticsearch/plugin/transport-netty4-client/5.6.3/transport-netty4-client-5.6.3.jar:/home/kondratievas/.m2/repository/io/netty/netty-buffer/4.1.13.Final/netty-buffer-4.1.13.Final.jar:/home/kondratievas/.m2/repository/io/netty/netty-codec/4.1.13.Final/netty-codec-4.1.13.Final.jar:/home/kondratievas/.m2/repository/io/netty/netty-codec-http/4.1.13.Final/netty-codec-http-4.1.13.Final.jar:/home/kondratievas/.m2/repository/io/netty/netty-common/4.1.13.Final/netty-common-4.1.13.Final.jar:/home/kondratievas/.m2/repository/io/netty/netty-handler/4.1.13.Final/netty-handler-4.1.13.Final.jar:/home/kondratievas/.m2/repository/io/netty/netty-resolver/4.1.13.Final/netty-resolver-4.1.13.Final.jar:/home/kondratievas/.m2/repository/io/netty/netty-transport/4.1.13.Final/netty-transport-4.1.13.Final.jar:/home/kondratievas/.m2/repository/org/elasticsearch/plugin/reindex-client/5.6.3/reindex-client-5.6.3.jar:/home/kondratievas/.m2/repository/org/elasticsearch/plugin/lang-mustache-client/5.6.3/lang-mustache-client-5.6.3.jar:/home/kondratievas/.m2/repository/com/github/spullara/mustache/java/compiler/0.9.3/compiler-0.9.3.jar:/home/kondratievas/.m2/repository/org/elasticsearch/plugin/percolator-client/5.6.3/percolator-client-5.6.3.jar:"/>
    <property name="java.vm.vendor" value="Oracle Corporation"/>
    <property name="sun.arch.data.model" value="64"/>
    <property name="java.vendor.url" value="http://java.oracle.com/"/>
    <property name="user.timezone" value=""/>
    <property name="java.vm.specification.version" value="1.8"/>
    <property name="os.name" value="Linux"/>
    <property name="user.country" value="UA"/>
    <property name="sun.java.launcher" value="SUN_STANDARD"/>
    <property name="sun.boot.library.path" value="/usr/lib/jvm/java-8-oracle/jre/lib/amd64"/>
    <property name="sun.java.command" value="/home/kondratievas/AgefiMWFfinish/target/surefire/surefirebooter7943252368118922593.jar /home/kondratievas/AgefiMWFfinish/target/surefire 2019-05-08T19-52-16_562-jvmRun1 surefire6134786575304009789tmp surefire_08609598971885020554tmp"/>
    <property name="surefire.test.class.path" value="/home/kondratievas/AgefiMWFfinish/target/test-classes:/home/kondratievas/AgefiMWFfinish/target/classes:/home/kondratievas/.m2/repository/org/hamcrest/hamcrest-all/1.3/hamcrest-all-1.3.jar:/home/kondratievas/.m2/repository/io/rest-assured/rest-assured/3.3.0/rest-assured-3.3.0.jar:/home/kondratievas/.m2/repository/org/codehaus/groovy/groovy/2.4.15/groovy-2.4.15.jar:/home/kondratievas/.m2/repository/org/codehaus/groovy/groovy-xml/2.4.15/groovy-xml-2.4.15.jar:/home/kondratievas/.m2/repository/org/apache/httpcomponents/httpclient/4.5.3/httpclient-4.5.3.jar:/home/kondratievas/.m2/repository/org/apache/httpcomponents/httpcore/4.4.6/httpcore-4.4.6.jar:/home/kondratievas/.m2/repository/commons-logging/commons-logging/1.2/commons-logging-1.2.jar:/home/kondratievas/.m2/repository/commons-codec/commons-codec/1.9/commons-codec-1.9.jar:/home/kondratievas/.m2/repository/org/apache/httpcomponents/httpmime/4.5.3/httpmime-4.5.3.jar:/home/kondratievas/.m2/repository/org/hamcrest/hamcrest-core/1.3/hamcrest-core-1.3.jar:/home/kondratievas/.m2/repository/org/hamcrest/hamcrest-library/1.3/hamcrest-library-1.3.jar:/home/kondratievas/.m2/repository/org/ccil/cowan/tagsoup/tagsoup/1.2.1/tagsoup-1.2.1.jar:/home/kondratievas/.m2/repository/io/rest-assured/json-path/3.3.0/json-path-3.3.0.jar:/home/kondratievas/.m2/repository/org/codehaus/groovy/groovy-json/2.4.15/groovy-json-2.4.15.jar:/home/kondratievas/.m2/repository/io/rest-assured/rest-assured-common/3.3.0/rest-assured-common-3.3.0.jar:/home/kondratievas/.m2/repository/io/rest-assured/xml-path/3.3.0/xml-path-3.3.0.jar:/home/kondratievas/.m2/repository/org/apache/commons/commons-lang3/3.4/commons-lang3-3.4.jar:/home/kondratievas/.m2/repository/javax/xml/bind/jaxb-api/2.2.12/jaxb-api-2.2.12.jar:/home/kondratievas/.m2/repository/com/sun/xml/bind/jaxb-osgi/2.2.10/jaxb-osgi-2.2.10.jar:/home/kondratievas/.m2/repository/org/apache/sling/org.apache.sling.javax.activation/0.1.0/org.apache.sling.javax.activation-0.1.0.jar:/home/kondratievas/.m2/repository/javax/activation/activation/1.1.1/activation-1.1.1.jar:/home/kondratievas/.m2/repository/org/slf4j/slf4j-simple/1.7.21/slf4j-simple-1.7.21.jar:/home/kondratievas/.m2/repository/org/slf4j/slf4j-api/1.7.21/slf4j-api-1.7.21.jar:/home/kondratievas/.m2/repository/com/codeborne/selenide/5.1.0/selenide-5.1.0.jar:/home/kondratievas/.m2/repository/org/seleniumhq/selenium/selenium-java/3.141.59/selenium-java-3.141.59.jar:/home/kondratievas/.m2/repository/org/seleniumhq/selenium/selenium-api/3.141.59/selenium-api-3.141.59.jar:/home/kondratievas/.m2/repository/org/seleniumhq/selenium/selenium-chrome-driver/3.141.59/selenium-chrome-driver-3.141.59.jar:/home/kondratievas/.m2/repository/org/seleniumhq/selenium/selenium-edge-driver/3.141.59/selenium-edge-driver-3.141.59.jar:/home/kondratievas/.m2/repository/org/seleniumhq/selenium/selenium-firefox-driver/3.141.59/selenium-firefox-driver-3.141.59.jar:/home/kondratievas/.m2/repository/org/seleniumhq/selenium/selenium-ie-driver/3.141.59/selenium-ie-driver-3.141.59.jar:/home/kondratievas/.m2/repository/org/seleniumhq/selenium/selenium-opera-driver/3.141.59/selenium-opera-driver-3.141.59.jar:/home/kondratievas/.m2/repository/org/seleniumhq/selenium/selenium-remote-driver/3.141.59/selenium-remote-driver-3.141.59.jar:/home/kondratievas/.m2/repository/org/seleniumhq/selenium/selenium-safari-driver/3.141.59/selenium-safari-driver-3.141.59.jar:/home/kondratievas/.m2/repository/org/seleniumhq/selenium/selenium-support/3.141.59/selenium-support-3.141.59.jar:/home/kondratievas/.m2/repository/net/bytebuddy/byte-buddy/1.8.15/byte-buddy-1.8.15.jar:/home/kondratievas/.m2/repository/org/apache/commons/commons-exec/1.3/commons-exec-1.3.jar:/home/kondratievas/.m2/repository/com/google/guava/guava/25.0-jre/guava-25.0-jre.jar:/home/kondratievas/.m2/repository/com/google/code/findbugs/jsr305/1.3.9/jsr305-1.3.9.jar:/home/kondratievas/.m2/repository/org/checkerframework/checker-compat-qual/2.0.0/checker-compat-qual-2.0.0.jar:/home/kondratievas/.m2/repository/com/google/errorprone/error_prone_annotations/2.1.3/error_prone_annotations-2.1.3.jar:/home/kondratievas/.m2/repository/com/google/j2objc/j2objc-annotations/1.1/j2objc-annotations-1.1.jar:/home/kondratievas/.m2/repository/org/codehaus/mojo/animal-sniffer-annotations/1.14/animal-sniffer-annotations-1.14.jar:/home/kondratievas/.m2/repository/com/squareup/okhttp3/okhttp/3.11.0/okhttp-3.11.0.jar:/home/kondratievas/.m2/repository/com/squareup/okio/okio/1.14.0/okio-1.14.0.jar:/home/kondratievas/.m2/repository/io/github/bonigarcia/webdrivermanager/3.1.1/webdrivermanager-3.1.1.jar:/home/kondratievas/.m2/repository/com/google/code/gson/gson/2.8.5/gson-2.8.5.jar:/home/kondratievas/.m2/repository/org/rauschig/jarchivelib/0.8.0/jarchivelib-0.8.0.jar:/home/kondratievas/.m2/repository/org/apache/commons/commons-compress/1.14/commons-compress-1.14.jar:/home/kondratievas/.m2/repository/org/jsoup/jsoup/1.11.3/jsoup-1.11.3.jar:/home/kondratievas/.m2/repository/net/lightbody/bmp/browsermob-core/2.1.5/browsermob-core-2.1.5.jar:/home/kondratievas/.m2/repository/net/lightbody/bmp/littleproxy/1.1.0-beta-bmp-17/littleproxy-1.1.0-beta-bmp-17.jar:/home/kondratievas/.m2/repository/com/fasterxml/jackson/core/jackson-core/2.8.9/jackson-core-2.8.9.jar:/home/kondratievas/.m2/repository/com/fasterxml/jackson/core/jackson-databind/2.8.9/jackson-databind-2.8.9.jar:/home/kondratievas/.m2/repository/com/fasterxml/jackson/core/jackson-annotations/2.8.9/jackson-annotations-2.8.9.jar:/home/kondratievas/.m2/repository/dnsjava/dnsjava/2.1.8/dnsjava-2.1.8.jar:/home/kondratievas/.m2/repository/org/slf4j/jcl-over-slf4j/1.7.25/jcl-over-slf4j-1.7.25.jar:/home/kondratievas/.m2/repository/com/jcraft/jzlib/1.1.3/jzlib-1.1.3.jar:/home/kondratievas/.m2/repository/io/netty/netty-all/4.0.51.Final/netty-all-4.0.51.Final.jar:/home/kondratievas/.m2/repository/org/bouncycastle/bcprov-jdk15on/1.58/bcprov-jdk15on-1.58.jar:/home/kondratievas/.m2/repository/org/bouncycastle/bcpkix-jdk15on/1.58/bcpkix-jdk15on-1.58.jar:/home/kondratievas/.m2/repository/net/lightbody/bmp/mitm/2.1.5/mitm-2.1.5.jar:/home/kondratievas/.m2/repository/org/testng/testng/6.14.3/testng-6.14.3.jar:/home/kondratievas/.m2/repository/com/beust/jcommander/1.72/jcommander-1.72.jar:/home/kondratievas/.m2/repository/org/apache-extras/beanshell/bsh/2.0b6/bsh-2.0b6.jar:/home/kondratievas/.m2/repository/commons-collections/commons-collections/3.2/commons-collections-3.2.jar:/home/kondratievas/.m2/repository/commons-io/commons-io/2.6/commons-io-2.6.jar:/home/kondratievas/.m2/repository/org/projectlombok/lombok/1.18.6/lombok-1.18.6.jar:/home/kondratievas/.m2/repository/io/qameta/allure/allure-testng/2.10.0/allure-testng-2.10.0.jar:/home/kondratievas/.m2/repository/io/qameta/allure/allure-java-commons/2.10.0/allure-java-commons-2.10.0.jar:/home/kondratievas/.m2/repository/io/qameta/allure/allure-model/2.10.0/allure-model-2.10.0.jar:/home/kondratievas/.m2/repository/org/apache/tika/tika-core/1.20/tika-core-1.20.jar:/home/kondratievas/.m2/repository/org/jooq/joor-java-8/0.9.10/joor-java-8-0.9.10.jar:/home/kondratievas/.m2/repository/org/apache/metamodel/MetaModel-full/5.2.0/MetaModel-full-5.2.0.jar:/home/kondratievas/.m2/repository/org/apache/metamodel/MetaModel-cassandra/5.2.0/MetaModel-cassandra-5.2.0.jar:/home/kondratievas/.m2/repository/com/datastax/cassandra/cassandra-driver-core/3.6.0/cassandra-driver-core-3.6.0.jar:/home/kondratievas/.m2/repository/io/dropwizard/metrics/metrics-core/3.2.2/metrics-core-3.2.2.jar:/home/kondratievas/.m2/repository/com/github/jnr/jnr-ffi/2.1.7/jnr-ffi-2.1.7.jar:/home/kondratievas/.m2/repository/com/github/jnr/jffi/1.2.16/jffi-1.2.16.jar:/home/kondratievas/.m2/repository/com/github/jnr/jffi/1.2.16/jffi-1.2.16-native.jar:/home/kondratievas/.m2/repository/org/ow2/asm/asm/5.0.3/asm-5.0.3.jar:/home/kondratievas/.m2/repository/org/ow2/asm/asm-commons/5.0.3/asm-commons-5.0.3.jar:/home/kondratievas/.m2/repository/org/ow2/asm/asm-analysis/5.0.3/asm-analysis-5.0.3.jar:/home/kondratievas/.m2/repository/org/ow2/asm/asm-tree/5.0.3/asm-tree-5.0.3.jar:/home/kondratievas/.m2/repository/org/ow2/asm/asm-util/5.0.3/asm-util-5.0.3.jar:/home/kondratievas/.m2/repository/com/github/jnr/jnr-x86asm/1.0.2/jnr-x86asm-1.0.2.jar:/home/kondratievas/.m2/repository/com/github/jnr/jnr-posix/3.0.44/jnr-posix-3.0.44.jar:/home/kondratievas/.m2/repository/com/github/jnr/jnr-constants/0.9.9/jnr-constants-0.9.9.jar:/home/kondratievas/.m2/repository/org/apache/metamodel/MetaModel-core/5.2.0/MetaModel-core-5.2.0.jar:/home/kondratievas/.m2/repository/org/apache/metamodel/MetaModel-couchdb/5.2.0/MetaModel-couchdb-5.2.0.jar:/home/kondratievas/.m2/repository/org/ektorp/org.ektorp/1.5.0/org.ektorp-1.5.0.jar:/home/kondratievas/.m2/repository/org/apache/httpcomponents/httpclient-cache/4.3/httpclient-cache-4.3.jar:/home/kondratievas/.m2/repository/net/sourceforge/findbugs/annotations/1.3.2/annotations-1.3.2.jar:/home/kondratievas/.m2/repository/commons-pool/commons-pool/1.6/commons-pool-1.6.jar:/home/kondratievas/.m2/repository/org/apache/metamodel/MetaModel-csv/5.2.0/MetaModel-csv-5.2.0.jar:/home/kondratievas/.m2/repository/com/opencsv/opencsv/3.9/opencsv-3.9.jar:/home/kondratievas/.m2/repository/commons-beanutils/commons-beanutils/1.9.3/commons-beanutils-1.9.3.jar:/home/kondratievas/.m2/repository/org/apache/metamodel/MetaModel-excel/5.2.0/MetaModel-excel-5.2.0.jar:/home/kondratievas/.m2/repository/org/apache/poi/poi-ooxml/4.0.0/poi-ooxml-4.0.0.jar:/home/kondratievas/.m2/repository/org/apache/poi/poi/4.0.0/poi-4.0.0.jar:/home/kondratievas/.m2/repository/org/apache/commons/commons-collections4/4.2/commons-collections4-4.2.jar:/home/kondratievas/.m2/repository/org/apache/poi/poi-ooxml-schemas/4.0.0/poi-ooxml-schemas-4.0.0.jar:/home/kondratievas/.m2/repository/org/apache/xmlbeans/xmlbeans/3.0.1/xmlbeans-3.0.1.jar:/home/kondratievas/.m2/repository/com/github/virtuald/curvesapi/1.04/curvesapi-1.04.jar:/home/kondratievas/.m2/repository/xml-apis/xml-apis/1.3.04/xml-apis-1.3.04.jar:/home/kondratievas/.m2/repository/org/apache/metamodel/MetaModel-neo4j/5.2.0/MetaModel-neo4j-5.2.0.jar:/home/kondratievas/.m2/repository/com/fasterxml/jackson/datatype/jackson-datatype-json-org/2.6.7/jackson-datatype-json-org-2.6.7.jar:/home/kondratievas/.m2/repository/org/apache/geronimo/bundles/json/20090211_1/json-20090211_1.jar:/home/kondratievas/.m2/repository/org/apache/metamodel/MetaModel-fixedwidth/5.2.0/MetaModel-fixedwidth-5.2.0.jar:/home/kondratievas/.m2/repository/org/apache/metamodel/MetaModel-hadoop/5.2.0/MetaModel-hadoop-5.2.0.jar:/home/kondratievas/.m2/repository/org/apache/hadoop/hadoop-client/3.1.1/hadoop-client-3.1.1.jar:/home/kondratievas/.m2/repository/org/apache/hadoop/hadoop-common/3.1.1/hadoop-common-3.1.1.jar:/home/kondratievas/.m2/repository/commons-cli/commons-cli/1.2/commons-cli-1.2.jar:/home/kondratievas/.m2/repository/org/apache/commons/commons-math3/3.1.1/commons-math3-3.1.1.jar:/home/kondratievas/.m2/repository/commons-net/commons-net/3.6/commons-net-3.6.jar:/home/kondratievas/.m2/repository/org/eclipse/jetty/jetty-servlet/9.3.19.v20170502/jetty-servlet-9.3.19.v20170502.jar:/home/kondratievas/.m2/repository/org/eclipse/jetty/jetty-security/9.3.19.v20170502/jetty-security-9.3.19.v20170502.jar:/home/kondratievas/.m2/repository/org/eclipse/jetty/jetty-webapp/9.3.19.v20170502/jetty-webapp-9.3.19.v20170502.jar:/home/kondratievas/.m2/repository/org/eclipse/jetty/jetty-xml/9.3.19.v20170502/jetty-xml-9.3.19.v20170502.jar:/home/kondratievas/.m2/repository/javax/servlet/jsp/jsp-api/2.1/jsp-api-2.1.jar:/home/kondratievas/.m2/repository/com/sun/jersey/jersey-servlet/1.19/jersey-servlet-1.19.jar:/home/kondratievas/.m2/repository/log4j/log4j/1.2.17/log4j-1.2.17.jar:/home/kondratievas/.m2/repository/commons-lang/commons-lang/2.6/commons-lang-2.6.jar:/home/kondratievas/.m2/repository/org/apache/commons/commons-configuration2/2.1.1/commons-configuration2-2.1.1.jar:/home/kondratievas/.m2/repository/org/apache/avro/avro/1.7.7/avro-1.7.7.jar:/home/kondratievas/.m2/repository/com/thoughtworks/paranamer/paranamer/2.3/paranamer-2.3.jar:/home/kondratievas/.m2/repository/org/xerial/snappy/snappy-java/1.0.5/snappy-java-1.0.5.jar:/home/kondratievas/.m2/repository/com/google/re2j/re2j/1.1/re2j-1.1.jar:/home/kondratievas/.m2/repository/org/apache/curator/curator-client/2.12.0/curator-client-2.12.0.jar:/home/kondratievas/.m2/repository/org/apache/curator/curator-recipes/2.12.0/curator-recipes-2.12.0.jar:/home/kondratievas/.m2/repository/org/apache/kerby/kerb-simplekdc/1.0.1/kerb-simplekdc-1.0.1.jar:/home/kondratievas/.m2/repository/org/apache/kerby/kerb-client/1.0.1/kerb-client-1.0.1.jar:/home/kondratievas/.m2/repository/org/apache/kerby/kerby-config/1.0.1/kerby-config-1.0.1.jar:/home/kondratievas/.m2/repository/org/apache/kerby/kerb-core/1.0.1/kerb-core-1.0.1.jar:/home/kondratievas/.m2/repository/org/apache/kerby/kerby-pkix/1.0.1/kerby-pkix-1.0.1.jar:/home/kondratievas/.m2/repository/org/apache/kerby/kerby-asn1/1.0.1/kerby-asn1-1.0.1.jar:/home/kondratievas/.m2/repository/org/apache/kerby/kerby-util/1.0.1/kerby-util-1.0.1.jar:/home/kondratievas/.m2/repository/org/apache/kerby/kerb-common/1.0.1/kerb-common-1.0.1.jar:/home/kondratievas/.m2/repository/org/apache/kerby/kerb-crypto/1.0.1/kerb-crypto-1.0.1.jar:/home/kondratievas/.m2/repository/org/apache/kerby/kerb-util/1.0.1/kerb-util-1.0.1.jar:/home/kondratievas/.m2/repository/org/apache/kerby/token-provider/1.0.1/token-provider-1.0.1.jar:/home/kondratievas/.m2/repository/com/nimbusds/nimbus-jose-jwt/3.10/nimbus-jose-jwt-3.10.jar:/home/kondratievas/.m2/repository/net/minidev/json-smart/1.3.1/json-smart-1.3.1.jar:/home/kondratievas/.m2/repository/org/apache/kerby/kerb-admin/1.0.1/kerb-admin-1.0.1.jar:/home/kondratievas/.m2/repository/org/apache/kerby/kerb-server/1.0.1/kerb-server-1.0.1.jar:/home/kondratievas/.m2/repository/org/apache/kerby/kerb-identity/1.0.1/kerb-identity-1.0.1.jar:/home/kondratievas/.m2/repository/org/apache/kerby/kerby-xdr/1.0.1/kerby-xdr-1.0.1.jar:/home/kondratievas/.m2/repository/org/codehaus/woodstox/stax2-api/3.1.4/stax2-api-3.1.4.jar:/home/kondratievas/.m2/repository/com/fasterxml/woodstox/woodstox-core/5.0.3/woodstox-core-5.0.3.jar:/home/kondratievas/.m2/repository/org/apache/hadoop/hadoop-hdfs-client/3.1.1/hadoop-hdfs-client-3.1.1.jar:/home/kondratievas/.m2/repository/com/squareup/okhttp/okhttp/2.7.5/okhttp-2.7.5.jar:/home/kondratievas/.m2/repository/org/apache/hadoop/hadoop-yarn-api/3.1.1/hadoop-yarn-api-3.1.1.jar:/home/kondratievas/.m2/repository/org/apache/hadoop/hadoop-yarn-client/3.1.1/hadoop-yarn-client-3.1.1.jar:/home/kondratievas/.m2/repository/org/apache/hadoop/hadoop-mapreduce-client-core/3.1.1/hadoop-mapreduce-client-core-3.1.1.jar:/home/kondratievas/.m2/repository/org/apache/hadoop/hadoop-yarn-common/3.1.1/hadoop-yarn-common-3.1.1.jar:/home/kondratievas/.m2/repository/javax/servlet/javax.servlet-api/3.1.0/javax.servlet-api-3.1.0.jar:/home/kondratievas/.m2/repository/org/eclipse/jetty/jetty-util/9.3.19.v20170502/jetty-util-9.3.19.v20170502.jar:/home/kondratievas/.m2/repository/com/sun/jersey/jersey-core/1.19/jersey-core-1.19.jar:/home/kondratievas/.m2/repository/javax/ws/rs/jsr311-api/1.1.1/jsr311-api-1.1.1.jar:/home/kondratievas/.m2/repository/com/sun/jersey/jersey-client/1.19/jersey-client-1.19.jar:/home/kondratievas/.m2/repository/com/fasterxml/jackson/module/jackson-module-jaxb-annotations/2.7.8/jackson-module-jaxb-annotations-2.7.8.jar:/home/kondratievas/.m2/repository/com/fasterxml/jackson/jaxrs/jackson-jaxrs-json-provider/2.7.8/jackson-jaxrs-json-provider-2.7.8.jar:/home/kondratievas/.m2/repository/com/fasterxml/jackson/jaxrs/jackson-jaxrs-base/2.7.8/jackson-jaxrs-base-2.7.8.jar:/home/kondratievas/.m2/repository/org/apache/hadoop/hadoop-mapreduce-client-jobclient/3.1.1/hadoop-mapreduce-client-jobclient-3.1.1.jar:/home/kondratievas/.m2/repository/org/apache/hadoop/hadoop-mapreduce-client-common/3.1.1/hadoop-mapreduce-client-common-3.1.1.jar:/home/kondratievas/.m2/repository/org/apache/hadoop/hadoop-annotations/3.1.1/hadoop-annotations-3.1.1.jar:/home/kondratievas/.m2/repository/org/apache/metamodel/MetaModel-hbase/5.2.0/MetaModel-hbase-5.2.0.jar:/home/kondratievas/.m2/repository/org/apache/hbase/hbase-client/2.1.1/hbase-client-2.1.1.jar:/home/kondratievas/.m2/repository/org/apache/hbase/thirdparty/hbase-shaded-protobuf/2.1.0/hbase-shaded-protobuf-2.1.0.jar:/home/kondratievas/.m2/repository/org/apache/hbase/hbase-common/2.1.1/hbase-common-2.1.1.jar:/home/kondratievas/.m2/repository/org/apache/hbase/hbase-hadoop-compat/2.1.1/hbase-hadoop-compat-2.1.1.jar:/home/kondratievas/.m2/repository/org/apache/hbase/hbase-metrics-api/2.1.1/hbase-metrics-api-2.1.1.jar:/home/kondratievas/.m2/repository/org/apache/hbase/hbase-hadoop2-compat/2.1.1/hbase-hadoop2-compat-2.1.1.jar:/home/kondratievas/.m2/repository/org/apache/hbase/hbase-metrics/2.1.1/hbase-metrics-2.1.1.jar:/home/kondratievas/.m2/repository/org/apache/hbase/hbase-protocol-shaded/2.1.1/hbase-protocol-shaded-2.1.1.jar:/home/kondratievas/.m2/repository/org/apache/hbase/hbase-protocol/2.1.1/hbase-protocol-2.1.1.jar:/home/kondratievas/.m2/repository/junit/junit/4.12/junit-4.12.jar:/home/kondratievas/.m2/repository/org/apache/hbase/thirdparty/hbase-shaded-miscellaneous/2.1.0/hbase-shaded-miscellaneous-2.1.0.jar:/home/kondratievas/.m2/repository/com/google/protobuf/protobuf-java/2.5.0/protobuf-java-2.5.0.jar:/home/kondratievas/.m2/repository/org/apache/hbase/thirdparty/hbase-shaded-netty/2.1.0/hbase-shaded-netty-2.1.0.jar:/home/kondratievas/.m2/repository/org/apache/zookeeper/zookeeper/3.4.10/zookeeper-3.4.10.jar:/home/kondratievas/.m2/repository/org/apache/htrace/htrace-core4/4.2.0-incubating/htrace-core4-4.2.0-incubating.jar:/home/kondratievas/.m2/repository/org/jruby/jcodings/jcodings/1.0.18/jcodings-1.0.18.jar:/home/kondratievas/.m2/repository/org/jruby/joni/joni/2.1.11/joni-2.1.11.jar:/home/kondratievas/.m2/repository/org/apache/commons/commons-crypto/1.0.0/commons-crypto-1.0.0.jar:/home/kondratievas/.m2/repository/org/apache/hadoop/hadoop-auth/2.7.7/hadoop-auth-2.7.7.jar:/home/kondratievas/.m2/repository/org/apache/directory/server/apacheds-kerberos-codec/2.0.0-M15/apacheds-kerberos-codec-2.0.0-M15.jar:/home/kondratievas/.m2/repository/org/apache/directory/server/apacheds-i18n/2.0.0-M15/apacheds-i18n-2.0.0-M15.jar:/home/kondratievas/.m2/repository/org/apache/directory/api/api-asn1-api/1.0.0-M20/api-asn1-api-1.0.0-M20.jar:/home/kondratievas/.m2/repository/org/apache/directory/api/api-util/1.0.0-M20/api-util-1.0.0-M20.jar:/home/kondratievas/.m2/repository/org/apache/curator/curator-framework/2.7.1/curator-framework-2.7.1.jar:/home/kondratievas/.m2/repository/org/apache/yetus/audience-annotations/0.5.0/audience-annotations-0.5.0.jar:/home/kondratievas/.m2/repository/org/apache/metamodel/MetaModel-jdbc/5.2.0/MetaModel-jdbc-5.2.0.jar:/home/kondratievas/.m2/repository/org/apache/metamodel/MetaModel-json/5.2.0/MetaModel-json-5.2.0.jar:/home/kondratievas/.m2/repository/org/apache/metamodel/MetaModel-mongodb-mongo3/5.2.0/MetaModel-mongodb-mongo3-5.2.0.jar:/home/kondratievas/.m2/repository/org/apache/metamodel/MetaModel-mongodb-common/5.2.0/MetaModel-mongodb-common-5.2.0.jar:/home/kondratievas/.m2/repository/org/mongodb/mongo-java-driver/3.1.0/mongo-java-driver-3.1.0.jar:/home/kondratievas/.m2/repository/org/apache/metamodel/MetaModel-mongodb-mongo2/5.2.0/MetaModel-mongodb-mongo2-5.2.0.jar:/home/kondratievas/.m2/repository/org/apache/metamodel/MetaModel-openoffice/5.2.0/MetaModel-openoffice-5.2.0.jar:/home/kondratievas/.m2/repository/hsqldb/hsqldb/1.8.0.10/hsqldb-1.8.0.10.jar:/home/kondratievas/.m2/repository/org/apache/metamodel/MetaModel-pojo/5.2.0/MetaModel-pojo-5.2.0.jar:/home/kondratievas/.m2/repository/org/apache/metamodel/MetaModel-salesforce/5.2.0/MetaModel-salesforce-5.2.0.jar:/home/kondratievas/.m2/repository/com/force/api/force-partner-api/35.0.1/force-partner-api-35.0.1.jar:/home/kondratievas/.m2/repository/com/force/api/force-wsc/35.0.0/force-wsc-35.0.0.jar:/home/kondratievas/.m2/repository/org/antlr/ST4/4.0.7/ST4-4.0.7.jar:/home/kondratievas/.m2/repository/org/antlr/antlr-runtime/3.5/antlr-runtime-3.5.jar:/home/kondratievas/.m2/repository/org/antlr/stringtemplate/3.2.1/stringtemplate-3.2.1.jar:/home/kondratievas/.m2/repository/antlr/antlr/2.7.7/antlr-2.7.7.jar:/home/kondratievas/.m2/repository/org/apache/metamodel/MetaModel-sugarcrm/5.2.0/MetaModel-sugarcrm-5.2.0.jar:/home/kondratievas/.m2/repository/javax/xml/ws/jaxws-api/2.2.10/jaxws-api-2.2.10.jar:/home/kondratievas/.m2/repository/javax/xml/soap/javax.xml.soap-api/1.3.5/javax.xml.soap-api-1.3.5.jar:/home/kondratievas/.m2/repository/javax/annotation/javax.annotation-api/1.2-b03/javax.annotation-api-1.2-b03.jar:/home/kondratievas/.m2/repository/javax/jws/jsr181-api/1.0-MR1/jsr181-api-1.0-MR1.jar:/home/kondratievas/.m2/repository/org/apache/metamodel/MetaModel-xml/5.2.0/MetaModel-xml-5.2.0.jar:/home/kondratievas/.m2/repository/org/apache/metamodel/MetaModel-elasticsearch-rest/5.2.0/MetaModel-elasticsearch-rest-5.2.0.jar:/home/kondratievas/.m2/repository/org/apache/metamodel/MetaModel-elasticsearch-common/5.2.0/MetaModel-elasticsearch-common-5.2.0.jar:/home/kondratievas/.m2/repository/org/elasticsearch/client/elasticsearch-rest-high-level-client/5.6.3/elasticsearch-rest-high-level-client-5.6.3.jar:/home/kondratievas/.m2/repository/org/elasticsearch/client/elasticsearch-rest-client/5.6.3/elasticsearch-rest-client-5.6.3.jar:/home/kondratievas/.m2/repository/org/apache/httpcomponents/httpasyncclient/4.1.2/httpasyncclient-4.1.2.jar:/home/kondratievas/.m2/repository/org/apache/httpcomponents/httpcore-nio/4.4.5/httpcore-nio-4.4.5.jar:/home/kondratievas/.m2/repository/org/elasticsearch/plugin/parent-join-client/5.6.3/parent-join-client-5.6.3.jar:/home/kondratievas/.m2/repository/org/elasticsearch/plugin/aggs-matrix-stats-client/5.6.3/aggs-matrix-stats-client-5.6.3.jar:/home/kondratievas/.m2/repository/org/apache/metamodel/MetaModel-elasticsearch-native/5.2.0/MetaModel-elasticsearch-native-5.2.0.jar:/home/kondratievas/.m2/repository/org/elasticsearch/elasticsearch/5.6.3/elasticsearch-5.6.3.jar:/home/kondratievas/.m2/repository/org/apache/lucene/lucene-core/6.6.1/lucene-core-6.6.1.jar:/home/kondratievas/.m2/repository/org/apache/lucene/lucene-analyzers-common/6.6.1/lucene-analyzers-common-6.6.1.jar:/home/kondratievas/.m2/repository/org/apache/lucene/lucene-backward-codecs/6.6.1/lucene-backward-codecs-6.6.1.jar:/home/kondratievas/.m2/repository/org/apache/lucene/lucene-grouping/6.6.1/lucene-grouping-6.6.1.jar:/home/kondratievas/.m2/repository/org/apache/lucene/lucene-highlighter/6.6.1/lucene-highlighter-6.6.1.jar:/home/kondratievas/.m2/repository/org/apache/lucene/lucene-join/6.6.1/lucene-join-6.6.1.jar:/home/kondratievas/.m2/repository/org/apache/lucene/lucene-memory/6.6.1/lucene-memory-6.6.1.jar:/home/kondratievas/.m2/repository/org/apache/lucene/lucene-misc/6.6.1/lucene-misc-6.6.1.jar:/home/kondratievas/.m2/repository/org/apache/lucene/lucene-queries/6.6.1/lucene-queries-6.6.1.jar:/home/kondratievas/.m2/repository/org/apache/lucene/lucene-queryparser/6.6.1/lucene-queryparser-6.6.1.jar:/home/kondratievas/.m2/repository/org/apache/lucene/lucene-sandbox/6.6.1/lucene-sandbox-6.6.1.jar:/home/kondratievas/.m2/repository/org/apache/lucene/lucene-spatial/6.6.1/lucene-spatial-6.6.1.jar:/home/kondratievas/.m2/repository/org/apache/lucene/lucene-spatial-extras/6.6.1/lucene-spatial-extras-6.6.1.jar:/home/kondratievas/.m2/repository/org/apache/lucene/lucene-spatial3d/6.6.1/lucene-spatial3d-6.6.1.jar:/home/kondratievas/.m2/repository/org/apache/lucene/lucene-suggest/6.6.1/lucene-suggest-6.6.1.jar:/home/kondratievas/.m2/repository/org/elasticsearch/securesm/1.1/securesm-1.1.jar:/home/kondratievas/.m2/repository/net/sf/jopt-simple/jopt-simple/5.0.2/jopt-simple-5.0.2.jar:/home/kondratievas/.m2/repository/com/carrotsearch/hppc/0.7.1/hppc-0.7.1.jar:/home/kondratievas/.m2/repository/joda-time/joda-time/2.9.5/joda-time-2.9.5.jar:/home/kondratievas/.m2/repository/org/yaml/snakeyaml/1.15/snakeyaml-1.15.jar:/home/kondratievas/.m2/repository/com/fasterxml/jackson/dataformat/jackson-dataformat-smile/2.8.6/jackson-dataformat-smile-2.8.6.jar:/home/kondratievas/.m2/repository/com/fasterxml/jackson/dataformat/jackson-dataformat-yaml/2.8.6/jackson-dataformat-yaml-2.8.6.jar:/home/kondratievas/.m2/repository/com/fasterxml/jackson/dataformat/jackson-dataformat-cbor/2.8.6/jackson-dataformat-cbor-2.8.6.jar:/home/kondratievas/.m2/repository/com/tdunning/t-digest/3.0/t-digest-3.0.jar:/home/kondratievas/.m2/repository/org/hdrhistogram/HdrHistogram/2.1.9/HdrHistogram-2.1.9.jar:/home/kondratievas/.m2/repository/org/apache/logging/log4j/log4j-api/2.9.1/log4j-api-2.9.1.jar:/home/kondratievas/.m2/repository/org/elasticsearch/jna/4.4.0-1/jna-4.4.0-1.jar:/home/kondratievas/.m2/repository/org/elasticsearch/client/transport/5.6.3/transport-5.6.3.jar:/home/kondratievas/.m2/repository/org/elasticsearch/plugin/transport-netty3-client/5.6.3/transport-netty3-client-5.6.3.jar:/home/kondratievas/.m2/repository/io/netty/netty/3.10.6.Final/netty-3.10.6.Final.jar:/home/kondratievas/.m2/repository/org/elasticsearch/plugin/transport-netty4-client/5.6.3/transport-netty4-client-5.6.3.jar:/home/kondratievas/.m2/repository/io/netty/netty-buffer/4.1.13.Final/netty-buffer-4.1.13.Final.jar:/home/kondratievas/.m2/repository/io/netty/netty-codec/4.1.13.Final/netty-codec-4.1.13.Final.jar:/home/kondratievas/.m2/repository/io/netty/netty-codec-http/4.1.13.Final/netty-codec-http-4.1.13.Final.jar:/home/kondratievas/.m2/repository/io/netty/netty-common/4.1.13.Final/netty-common-4.1.13.Final.jar:/home/kondratievas/.m2/repository/io/netty/netty-handler/4.1.13.Final/netty-handler-4.1.13.Final.jar:/home/kondratievas/.m2/repository/io/netty/netty-resolver/4.1.13.Final/netty-resolver-4.1.13.Final.jar:/home/kondratievas/.m2/repository/io/netty/netty-transport/4.1.13.Final/netty-transport-4.1.13.Final.jar:/home/kondratievas/.m2/repository/org/elasticsearch/plugin/reindex-client/5.6.3/reindex-client-5.6.3.jar:/home/kondratievas/.m2/repository/org/elasticsearch/plugin/lang-mustache-client/5.6.3/lang-mustache-client-5.6.3.jar:/home/kondratievas/.m2/repository/com/github/spullara/mustache/java/compiler/0.9.3/compiler-0.9.3.jar:/home/kondratievas/.m2/repository/org/elasticsearch/plugin/percolator-client/5.6.3/percolator-client-5.6.3.jar:"/>
    <property name="sun.cpu.endian" value="little"/>
    <property name="user.home" value="/home/kondratievas"/>
    <property name="user.language" value="ru"/>
    <property name="java.specification.vendor" value="Oracle Corporation"/>
    <property name="java.home" value="/usr/lib/jvm/java-8-oracle/jre"/>
    <property name="basedir" value="/home/kondratievas/AgefiMWFfinish"/>
    <property name="file.separator" value="/"/>
    <property name="line.separator" value="&#10;"/>
    <property name="java.vm.specification.vendor" value="Oracle Corporation"/>
    <property name="java.specification.name" value="Java Platform API Specification"/>
    <property name="java.awt.graphicsenv" value="sun.awt.X11GraphicsEnvironment"/>
    <property name="surefire.real.class.path" value="/home/kondratievas/AgefiMWFfinish/target/surefire/surefirebooter7943252368118922593.jar:/home/kondratievas/.m2/repository/org/aspectj/aspectjweaver/1.9.2/aspectjweaver-1.9.2.jar"/>
    <property name="sun.boot.class.path" value="/usr/lib/jvm/java-8-oracle/jre/lib/resources.jar:/usr/lib/jvm/java-8-oracle/jre/lib/rt.jar:/usr/lib/jvm/java-8-oracle/jre/lib/sunrsasign.jar:/usr/lib/jvm/java-8-oracle/jre/lib/jsse.jar:/usr/lib/jvm/java-8-oracle/jre/lib/jce.jar:/usr/lib/jvm/java-8-oracle/jre/lib/charsets.jar:/usr/lib/jvm/java-8-oracle/jre/lib/jfr.jar:/usr/lib/jvm/java-8-oracle/jre/classes"/>
    <property name="sun.management.compiler" value="HotSpot 64-Bit Tiered Compilers"/>
    <property name="java.runtime.version" value="1.8.0_201-b09"/>
    <property name="user.name" value="kondratievas"/>
    <property name="path.separator" value=":"/>
    <property name="os.version" value="4.15.0-48-generic"/>
    <property name="java.endorsed.dirs" value="/usr/lib/jvm/java-8-oracle/jre/lib/endorsed"/>
    <property name="java.runtime.name" value="Java(TM) SE Runtime Environment"/>
    <property name="file.encoding" value="UTF-8"/>
    <property name="java.vm.name" value="Java HotSpot(TM) 64-Bit Server VM"/>
    <property name="localRepository" value="/home/kondratievas/.m2/repository"/>
    <property name="java.vendor.url.bug" value="http://bugreport.sun.com/bugreport/"/>
    <property name="java.io.tmpdir" value="/tmp"/>
    <property name="java.version" value="1.8.0_201"/>
    <property name="user.dir" value="/home/kondratievas/AgefiMWFfinish"/>
    <property name="os.arch" value="amd64"/>
    <property name="java.vm.specification.name" value="Java Virtual Machine Specification"/>
    <property name="java.awt.printerjob" value="sun.print.PSPrinterJob"/>
    <property name="sun.os.patch.level" value="unknown"/>
    <property name="java.library.path" value="/usr/java/packages/lib/amd64:/usr/lib64:/lib64:/lib:/usr/lib"/>
    <property name="java.vm.info" value="mixed mode"/>
    <property name="java.vendor" value="Oracle Corporation"/>
    <property name="java.vm.version" value="25.201-b09"/>
    <property name="java.ext.dirs" value="/usr/lib/jvm/java-8-oracle/jre/lib/ext:/usr/java/packages/lib/ext"/>
    <property name="sun.io.unicode.encoding" value="UnicodeLittle"/>
    <property name="java.class.version" value="52.0"/>
  </properties>
  <testcase name="Elements" classname="LoginForm.Elements.ElementsTest" time="5.439"/>
  <testcase name="Elements" classname="LoginForm.Elements.ElementsTest" time="2.281"/>
</testsuite>