<?xml version="1.0" encoding="UTF-8"?>
<!-- Generated by org.testng.reporters.JUnitReportReporter -->
<testsuite skipped="0" hostname="kondratievas" name="LoginForm.Elements.ElementsTest" tests="2" failures="0" timestamp="08 мая 2019 16:52:26 GMT" time="7.769" errors="0">
  <testcase name="Elements" time="5.470" classname="LoginForm.Elements.ElementsTest"/>
  <testcase name="Elements" time="2.299" classname="LoginForm.Elements.ElementsTest"/>
</testsuite> <!-- LoginForm.Elements.ElementsTest -->
